0 info it worked if it ends with ok
1 verbose cli [ 'node', '/usr/local/bin/npm', 'install', '-g', 'topojson' ]
2 info using npm@2.7.4
3 info using node@v0.12.2
4 silly cache add args [ 'topojson', null ]
5 verbose cache add spec topojson
6 silly cache add parsed spec { raw: 'topojson',
6 silly cache add   scope: null,
6 silly cache add   name: 'topojson',
6 silly cache add   rawSpec: '',
6 silly cache add   spec: '*',
6 silly cache add   type: 'range' }
7 verbose addNamed topojson@*
8 silly addNamed semver.valid null
9 silly addNamed semver.validRange *
10 silly addNameRange { name: 'topojson', range: '*', hasData: false }
11 silly mapToRegistry name topojson
12 silly mapToRegistry using default registry
13 silly mapToRegistry registry https://registry.npmjs.org/
14 silly mapToRegistry uri https://registry.npmjs.org/topojson
15 verbose addNameRange registry:https://registry.npmjs.org/topojson not in flight; fetching
16 verbose request uri https://registry.npmjs.org/topojson
17 verbose request no auth needed
18 info attempt registry request try #1 at 2:03:06 PM
19 verbose request id a534bee0cdcaa5f3
20 http request GET https://registry.npmjs.org/topojson
21 http 200 https://registry.npmjs.org/topojson
22 silly get cb [ 200,
22 silly get   { date: 'Thu, 02 Apr 2015 21:03:05 GMT',
22 silly get     server: 'CouchDB/1.5.0 (Erlang OTP/R16B03)',
22 silly get     etag: '"5DU5OLOYV0NAGKJMAKCB4PF48"',
22 silly get     'content-type': 'application/json',
22 silly get     'cache-control': 'max-age=60',
22 silly get     'content-length': '85782',
22 silly get     'accept-ranges': 'bytes',
22 silly get     via: '1.1 varnish',
22 silly get     age: '0',
22 silly get     'x-served-by': 'cache-sjc3124-SJC',
22 silly get     'x-cache': 'MISS',
22 silly get     'x-cache-hits': '0',
22 silly get     'x-timer': 'S1428008585.661329,VS0,VE155',
22 silly get     vary: 'Accept',
22 silly get     'keep-alive': 'timeout=10, max=50',
22 silly get     connection: 'Keep-Alive' } ]
23 verbose get saving topojson to /Users/mikezaret/.npm/registry.npmjs.org/topojson/.cache.json
24 verbose getCacheStat cache creation not in flight; initializing
25 silly addNameRange number 2 { name: 'topojson', range: '*', hasData: true }
26 silly addNameRange versions [ 'topojson',
26 silly addNameRange   [ '0.0.1',
26 silly addNameRange     '0.0.2',
26 silly addNameRange     '0.0.4',
26 silly addNameRange     '0.0.5',
26 silly addNameRange     '0.0.6',
26 silly addNameRange     '0.0.7',
26 silly addNameRange     '0.0.8',
26 silly addNameRange     '0.0.9',
26 silly addNameRange     '0.0.10',
26 silly addNameRange     '0.0.11',
26 silly addNameRange     '0.0.12',
26 silly addNameRange     '0.0.13',
26 silly addNameRange     '0.0.14',
26 silly addNameRange     '0.0.15',
26 silly addNameRange     '0.0.16',
26 silly addNameRange     '0.0.17',
26 silly addNameRange     '0.0.18',
26 silly addNameRange     '0.0.19',
26 silly addNameRange     '0.0.20',
26 silly addNameRange     '0.0.21',
26 silly addNameRange     '0.0.23',
26 silly addNameRange     '0.0.24',
26 silly addNameRange     '0.0.25',
26 silly addNameRange     '0.0.26',
26 silly addNameRange     '0.0.27',
26 silly addNameRange     '0.0.28',
26 silly addNameRange     '0.0.29',
26 silly addNameRange     '0.0.30',
26 silly addNameRange     '0.0.31',
26 silly addNameRange     '0.0.32',
26 silly addNameRange     '0.0.33',
26 silly addNameRange     '0.0.34',
26 silly addNameRange     '0.0.35',
26 silly addNameRange     '0.0.36',
26 silly addNameRange     '0.0.37',
26 silly addNameRange     '0.0.38',
26 silly addNameRange     '0.0.39',
26 silly addNameRange     '1.0.0',
26 silly addNameRange     '1.1.0',
26 silly addNameRange     '1.1.1',
26 silly addNameRange     '1.1.2',
26 silly addNameRange     '1.1.3',
26 silly addNameRange     '1.1.4',
26 silly addNameRange     '1.1.5',
26 silly addNameRange     '1.1.6',
26 silly addNameRange     '1.2.0',
26 silly addNameRange     '1.2.1',
26 silly addNameRange     '1.2.2',
26 silly addNameRange     '1.2.3',
26 silly addNameRange     '1.3.0',
26 silly addNameRange     '1.4.0',
26 silly addNameRange     '1.4.1',
26 silly addNameRange     '1.4.2',
26 silly addNameRange     '1.4.3',
26 silly addNameRange     '1.4.4',
26 silly addNameRange     '1.4.5',
26 silly addNameRange     '1.4.6',
26 silly addNameRange     '1.4.7',
26 silly addNameRange     '1.4.8',
26 silly addNameRange     '1.4.9',
26 silly addNameRange     '1.5.0',
26 silly addNameRange     '1.5.1',
26 silly addNameRange     '1.5.2',
26 silly addNameRange     '1.5.3',
26 silly addNameRange     '1.5.4',
26 silly addNameRange     '1.6.0',
26 silly addNameRange     '1.6.1',
26 silly addNameRange     '1.6.2',
26 silly addNameRange     '1.6.3',
26 silly addNameRange     '1.6.4',
26 silly addNameRange     '1.6.5',
26 silly addNameRange     '1.6.6',
26 silly addNameRange     '1.6.7',
26 silly addNameRange     '1.6.8',
26 silly addNameRange     '1.6.9',
26 silly addNameRange     '1.6.10',
26 silly addNameRange     '1.6.11',
26 silly addNameRange     '1.6.12',
26 silly addNameRange     '1.6.13',
26 silly addNameRange     '1.6.14',
26 silly addNameRange     '1.6.15',
26 silly addNameRange     '1.6.16',
26 silly addNameRange     '1.6.17',
26 silly addNameRange     '1.6.18' ] ]
27 verbose addNamed topojson@1.6.18
28 silly addNamed semver.valid 1.6.18
29 silly addNamed semver.validRange 1.6.18
30 silly mapToRegistry name topojson
31 silly mapToRegistry using default registry
32 silly mapToRegistry registry https://registry.npmjs.org/
33 silly mapToRegistry uri https://registry.npmjs.org/topojson
34 verbose addRemoteTarball https://registry.npmjs.org/topojson/-/topojson-1.6.18.tgz not in flight; adding
35 verbose addRemoteTarball [ 'https://registry.npmjs.org/topojson/-/topojson-1.6.18.tgz',
35 verbose addRemoteTarball   '23f4284a605aaf813d22d7a825903f0d8757007a' ]
36 info retry fetch attempt 1 at 2:03:06 PM
37 info attempt registry request try #1 at 2:03:06 PM
38 http fetch GET https://registry.npmjs.org/topojson/-/topojson-1.6.18.tgz
39 http fetch 200 https://registry.npmjs.org/topojson/-/topojson-1.6.18.tgz
40 silly fetchAndShaCheck shasum 23f4284a605aaf813d22d7a825903f0d8757007a
41 verbose addTmpTarball /var/folders/qf/bnfyj9ln0x590zwk6ghq9rdm0000gn/T/npm-12305-632f522c/registry.npmjs.org/topojson/-/topojson-1.6.18.tgz not in flight; adding
42 verbose addTmpTarball already have metadata; skipping unpack for topojson@1.6.18
43 silly cache afterAdd topojson@1.6.18
44 verbose afterAdd /Users/mikezaret/.npm/topojson/1.6.18/package/package.json not in flight; writing
45 verbose afterAdd /Users/mikezaret/.npm/topojson/1.6.18/package/package.json written
46 silly install resolved [ { name: 'topojson',
46 silly install resolved     version: '1.6.18',
46 silly install resolved     description: 'An extension to GeoJSON that encodes topology.',
46 silly install resolved     keywords: [ 'geojson', 'shapefile' ],
46 silly install resolved     author: { name: 'Mike Bostock', url: 'http://bost.ocks.org/mike' },
46 silly install resolved     repository: { type: 'git', url: 'https://github.com/mbostock/topojson.git' },
46 silly install resolved     main: 'index.js',
46 silly install resolved     browser: 'topojson.js',
46 silly install resolved     dependencies:
46 silly install resolved      { d3: '3',
46 silly install resolved        'd3-geo-projection': '0.2',
46 silly install resolved        optimist: '0.3',
46 silly install resolved        'queue-async': '1.0',
46 silly install resolved        rw: '0.1',
46 silly install resolved        shapefile: '0.3' },
46 silly install resolved     devDependencies:
46 silly install resolved      { vows: '0.7',
46 silly install resolved        'uglify-js': '2',
46 silly install resolved        'us-atlas': '0.0',
46 silly install resolved        'world-atlas': '0.0' },
46 silly install resolved     bin:
46 silly install resolved      { topojson: './bin/topojson',
46 silly install resolved        'topojson-geojson': './bin/topojson-geojson',
46 silly install resolved        'topojson-group': './bin/topojson-group',
46 silly install resolved        'topojson-merge': './bin/topojson-merge',
46 silly install resolved        'topojson-svg': './bin/topojson-svg' },
46 silly install resolved     scripts: { test: 'vows; echo' },
46 silly install resolved     gitHead: '834e274f0f08622cc8f76dbfdb3417dd3a716236',
46 silly install resolved     bugs: { url: 'https://github.com/mbostock/topojson/issues' },
46 silly install resolved     homepage: 'https://github.com/mbostock/topojson',
46 silly install resolved     _id: 'topojson@1.6.18',
46 silly install resolved     _shasum: '23f4284a605aaf813d22d7a825903f0d8757007a',
46 silly install resolved     _from: 'topojson@*',
46 silly install resolved     _npmVersion: '2.0.0-alpha-5',
46 silly install resolved     _npmUser: { name: 'mbostock', email: 'mbostock@gmail.com' },
46 silly install resolved     maintainers: [ [Object], [Object] ],
46 silly install resolved     dist:
46 silly install resolved      { shasum: '23f4284a605aaf813d22d7a825903f0d8757007a',
46 silly install resolved        tarball: 'http://registry.npmjs.org/topojson/-/topojson-1.6.18.tgz' },
46 silly install resolved     directories: {},
46 silly install resolved     _resolved: 'https://registry.npmjs.org/topojson/-/topojson-1.6.18.tgz' } ]
47 info install topojson@1.6.18 into /usr/local/lib
48 info installOne topojson@1.6.18
49 verbose installOne of topojson to /usr/local/lib not in flight; installing
50 verbose lock using /Users/mikezaret/.npm/_locks/topojson-e6d65fb9a62fe43d.lock for /usr/local/lib/node_modules/topojson
51 silly install write writing topojson 1.6.18 to /usr/local/lib/node_modules/topojson
52 silly cache addNamed cb topojson@1.6.18
53 verbose unbuild lib/node_modules/topojson
54 silly gentlyRm /usr/local/lib/node_modules/topojson is being purged from base /usr/local
55 verbose gentlyRm don't care about contents; nuking /usr/local/lib/node_modules/topojson
56 verbose tar unpack /Users/mikezaret/.npm/topojson/1.6.18/package.tgz
57 verbose tar unpacking to /usr/local/lib/node_modules/topojson
58 silly gentlyRm /usr/local/lib/node_modules/topojson is being purged
59 verbose gentlyRm don't care about contents; nuking /usr/local/lib/node_modules/topojson
60 silly gunzTarPerm modes [ '755', '644' ]
61 error tar.unpack untar error /Users/mikezaret/.npm/topojson/1.6.18/package.tgz
62 verbose unlock done using /Users/mikezaret/.npm/_locks/topojson-e6d65fb9a62fe43d.lock for /usr/local/lib/node_modules/topojson
63 verbose fstream_path /usr/local/lib/node_modules/topojson
64 verbose fstream_type Directory
65 verbose fstream_class DirWriter
66 verbose stack Error: EACCES, mkdir '/usr/local/lib/node_modules/topojson'
66 verbose stack     at Error (native)
67 verbose fstream_stack /usr/local/lib/node_modules/npm/node_modules/fstream/lib/dir-writer.js:36:23
67 verbose fstream_stack /usr/local/lib/node_modules/npm/node_modules/mkdirp/index.js:46:53
67 verbose fstream_stack FSReqWrap.oncomplete (fs.js:95:15)
68 verbose cwd /Users/mikezaret/frontend-nanodegree-arcade-game/images
69 error Darwin 13.4.0
70 error argv "node" "/usr/local/bin/npm" "install" "-g" "topojson"
71 error node v0.12.2
72 error npm  v2.7.4
73 error path /usr/local/lib/node_modules/topojson
74 error code EACCES
75 error errno -13
76 error Error: EACCES, mkdir '/usr/local/lib/node_modules/topojson'
76 error     at Error (native)
76 error  { [Error: EACCES, mkdir '/usr/local/lib/node_modules/topojson']
76 error   errno: -13,
76 error   code: 'EACCES',
76 error   path: '/usr/local/lib/node_modules/topojson',
76 error   fstream_type: 'Directory',
76 error   fstream_path: '/usr/local/lib/node_modules/topojson',
76 error   fstream_class: 'DirWriter',
76 error   fstream_stack:
76 error    [ '/usr/local/lib/node_modules/npm/node_modules/fstream/lib/dir-writer.js:36:23',
76 error      '/usr/local/lib/node_modules/npm/node_modules/mkdirp/index.js:46:53',
76 error      'FSReqWrap.oncomplete (fs.js:95:15)' ] }
77 error Please try running this command again as root/Administrator.
78 verbose exit [ -13, true ]
79 verbose unbuild lib/node_modules/topojson
80 silly gentlyRm /usr/local/lib/node_modules/topojson is being purged from base /usr/local
81 verbose gentlyRm don't care about contents; nuking /usr/local/lib/node_modules/topojson
